Source/Increment3/HospitalManagementSystem/app/build/outputs/logs/manifest-merger-debug-report.txt
-- Merging decision tree log ---
manifest
ADDED from src\main\AndroidManifest.xml:2:1-241:12
	package
		ADDED from src\main\AndroidManifest.xml:3:5-63
		INJECTED from src\main\AndroidManifest.xml
		INJECTED from src\main\AndroidManifest.xml
	android:versionName
		INJECTED from src\main\AndroidManifest.xml
		INJECTED from src\main\AndroidManifest.xml
	xmlns:android
		ADDED from src\main\AndroidManifest.xml:2:11-69
	android:versionCode
		INJECTED from src\main\AndroidManifest.xml
		INJECTED from src\main\AndroidManifest.xml
uses-permission#android.permission.WRITE_EXTERNAL_STORAGE
ADDED from src\main\AndroidManifest.xml:5:5-81
	android:name
		ADDED from src\main\AndroidManifest.xml:5:22-78
application
ADDED from src\main\AndroidManifest.xml:7:5-239:19
MERGED from [com.android.support:appcompat-v7:23.1.1] AndroidManifest.xml:22:5-20
MERGED from [com.android.support:support-v4:23.1.1] AndroidManifest.xml:22:5-20
	android:label
		ADDED from src\main\AndroidManifest.xml:10:9-41
	android:supportsRtl
		ADDED from src\main\AndroidManifest.xml:11:9-35
	android:allowBackup
		ADDED from src\main\AndroidManifest.xml:8:9-35
	android:icon
		ADDED from src\main\AndroidManifest.xml:9:9-43
	android:theme
		ADDED from src\main\AndroidManifest.xml:12:9-40
activity#com.whysoserious.neeraj.hospitalmanagementsystem.MainActivity
ADDED from src\main\AndroidManifest.xml:13:9-18:20
	android:name
		ADDED from src\main\AndroidManifest.xml:13:19-47
intent-filter#android.intent.action.MAIN+android.intent.category.LAUNCHER
ADDED from src\main\AndroidManifest.xml:14:13-17:29
action#android.intent.action.MAIN
ADDED from src\main\AndroidManifest.xml:15:17-69
	android:name
		ADDED from src\main\AndroidManifest.xml:15:25-66
category#android.intent.category.LAUNCHER
ADDED from src\main\AndroidManifest.xml:16:17-77
	android:name
		ADDED from src\main\AndroidManifest.xml:16:27-74
activity#com.whysoserious.neeraj.hospitalmanagementsystem.Login
ADDED from src\main\AndroidManifest.xml:20:9-26:20
	android:name
		ADDED from src\main\AndroidManifest.xml:20:19-40
intent-filter#android.intent.action.MAIN+android.intent.category.DEFAULT
ADDED from src\main\AndroidManifest.xml:21:13-25:29
category#android.intent.category.DEFAULT
ADDED from src\main\AndroidManifest.xml:24:17-76
	android:name
		ADDED from src\main\AndroidManifest.xml:24:27-73
activity#com.whysoserious.neeraj.hospitalmanagementsystem.Register
ADDED from src\main\AndroidManifest.xml:27:9-33:20
	android:name
		ADDED from src\main\AndroidManifest.xml:27:19-43
activity#com.whysoserious.neeraj.hospitalmanagementsystem.Patient.Patient
ADDED from src\main\AndroidManifest.xml:34:9-40:20
	android:name
		ADDED from src\main\AndroidManifest.xml:34:19-50
activity#com.whysoserious.neeraj.hospitalmanagementsystem.Doctor.Doctor
ADDED from src\main\AndroidManifest.xml:41:9-47:20
	android:name
		ADDED from src\main\AndroidManifest.xml:41:19-48
activity#com.whysoserious.neeraj.hospitalmanagementsystem.Desktop_Admin.Desktop_Admin
ADDED from src\main\AndroidManifest.xml:48:9-54:20
	android:name
		ADDED from src\main\AndroidManifest.xml:48:19-62
activity#com.whysoserious.neeraj.hospitalmanagementsystem.Staff_Member.Staff_Member
ADDED from src\main\AndroidManifest.xml:55:9-61:20
	android:name
		ADDED from src\main\AndroidManifest.xml:55:19-60
activity#com.whysoserious.neeraj.hospitalmanagementsystem.Personal_Info
ADDED from src\main\AndroidManifest.xml:62:9-68:20
	android:name
		ADDED from src\main\AndroidManifest.xml:62:19-48
activity#com.whysoserious.neeraj.hospitalmanagementsystem.Doctor.Specialization
ADDED from src\main\AndroidManifest.xml:69:9-75:20
	android:name
		ADDED from src\main\AndroidManifest.xml:69:19-56
activity#com.whysoserious.neeraj.hospitalmanagementsystem.Doctor.Leaves.Leaves
ADDED from src\main\AndroidManifest.xml:76:9-82:20
	android:name
		ADDED from src\main\AndroidManifest.xml:76:19-55
activity#com.whysoserious.neeraj.hospitalmanagementsystem.Doctor.Doctor_Patient.Report_Upload
ADDED from src\main\AndroidManifest.xml:83:9-89:20
	android:name
		ADDED from src\main\AndroidManifest.xml:83:19-70
activity#com.whysoserious.neeraj.hospitalmanagementsystem.Feedback
ADDED from src\main\AndroidManifest.xml:90:9-96:20
	android:name
		ADDED from src\main\AndroidManifest.xml:90:19-43
activity#com.whysoserious.neeraj.hospitalmanagementsystem.Doctor.Leaves.View_Leaves
ADDED from src\main\AndroidManifest.xml:97:9-103:20
	android:name
		ADDED from src\main\AndroidManifest.xml:97:19-60
activity#com.whysoserious.neeraj.hospitalmanagementsystem.Doctor.D_Slot
ADDED from src\main\AndroidManifest.xml:104:9-110:20
	android:name
		ADDED from src\main\AndroidManifest.xml:104:19-48
activity#com.whysoserious.neeraj.hospitalmanagementsystem.Patient.Appointment
ADDED from src\main\AndroidManifest.xml:111:9-117:20
	android:name
		ADDED from src\main\AndroidManifest.xml:111:19-54
activity#com.whysoserious.neeraj.hospitalmanagementsystem.Patient.New_Appointment
ADDED from src\main\AndroidManifest.xml:118:9-124:20
	android:name
		ADDED from src\main\AndroidManifest.xml:118:19-58
activity#com.whysoserious.neeraj.hospitalmanagementsystem.Patient.Wait_Appointment
ADDED from src\main\AndroidManifest.xml:125:9-131:20
	android:name
		ADDED from src\main\AndroidManifest.xml:125:19-59
activity#com.whysoserious.neeraj.hospitalmanagementsystem.Patient.Confirmed_Appointment
ADDED from src\main\AndroidManifest.xml:132:9-138:20
	android:name
		ADDED from src\main\AndroidManifest.xml:132:19-64
activity#com.whysoserious.neeraj.hospitalmanagementsystem.Patient.Select_Doctor
ADDED from src\main\AndroidManifest.xml:139:9-145:20
	android:name
		ADDED from src\main\AndroidManifest.xml:139:19-56
activity#com.whysoserious.neeraj.hospitalmanagementsystem.Patient.Apply
ADDED from src\main\AndroidManifest.xml:146:9-152:20
	android:name
		ADDED from src\main\AndroidManifest.xml:146:19-48
activity#com.whysoserious.neeraj.hospitalmanagementsystem.Desktop_Admin.Grant_appointment
ADDED from src\main\AndroidManifest.xml:153:9-159:20
	android:name
		ADDED from src\main\AndroidManifest.xml:153:19-66
activity#com.whysoserious.neeraj.hospitalmanagementsystem.Doctor.Doctor_Patient.Write_Report
ADDED from src\main\AndroidManifest.xml:160:9-166:20
	android:name
		ADDED from src\main\AndroidManifest.xml:160:19-69
activity#com.whysoserious.neeraj.hospitalmanagementsystem.Patient.View_Report.View_Report
ADDED from src\main\AndroidManifest.xml:167:9-173:20
	android:name
		ADDED from src\main\AndroidManifest.xml:167:19-66
activity#com.whysoserious.neeraj.hospitalmanagementsystem.Patient.View_Report.Final_View_Report
ADDED from src\main\AndroidManifest.xml:174:9-180:20
	android:name
		ADDED from src\main\AndroidManifest.xml:174:19-72
activity#com.whysoserious.neeraj.hospitalmanagementsystem.Patient.Bills
ADDED from src\main\AndroidManifest.xml:181:9-187:20
	android:name
		ADDED from src\main\AndroidManifest.xml:181:19-48
activity#com.whysoserious.neeraj.hospitalmanagementsystem.Desktop_Admin.Remaining_patient_bills
ADDED from src\main\AndroidManifest.xml:188:9-194:20
	android:name
		ADDED from src\main\AndroidManifest.xml:188:19-72
activity#com.whysoserious.neeraj.hospitalmanagementsystem.Staff_Member.Assigned_Doctors
ADDED from src\main\AndroidManifest.xml:195:9-201:20
	android:name
		ADDED from src\main\AndroidManifest.xml:195:19-64
activity#com.whysoserious.neeraj.hospitalmanagementsystem.Doctor.View_Assigned_Staff
ADDED from src\main\AndroidManifest.xml:202:9-208:20
	android:name
		ADDED from src\main\AndroidManifest.xml:202:19-61
activity#com.whysoserious.neeraj.hospitalmanagementsystem.Desktop_Admin.Assign_Staff
ADDED from src\main\AndroidManifest.xml:209:9-215:20
	android:name
		ADDED from src\main\AndroidManifest.xml:209:19-61
activity#com.whysoserious.neeraj.hospitalmanagementsystem.Update
ADDED from src\main\AndroidManifest.xml:216:9-222:20
	android:name
		ADDED from src\main\AndroidManifest.xml:216:19-41
activity#com.whysoserious.neeraj.hospitalmanagementsystem.Desktop_Admin.Delete_Users
ADDED from src\main\AndroidManifest.xml:223:9-229:20
	android:name
		ADDED from src\main\AndroidManifest.xml:223:19-61
activity#com.whysoserious.neeraj.hospitalmanagementsystem.Doctors_available
ADDED from src\main\AndroidManifest.xml:230:9-236:20
	android:name
		ADDED from src\main\AndroidManifest.xml:230:19-52
uses-sdk
INJECTED from src\main\AndroidManifest.xml reason: use-sdk injection requested
MERGED from [com.android.support:appcompat-v7:23.1.1] AndroidManifest.xml:20:5-43
MERGED from [com.android.support:support-v4:23.1.1] AndroidManifest.xml:20:5-43
	android:targetSdkVersion
		INJECTED from src\main\AndroidManifest.xml
		INJECTED from src\main\AndroidManifest.xml
	android:minSdkVersion
		INJECTED from src\main\AndroidManifest.xml
		INJECTED from src\main\AndroidManifest.xml